<?xml version="1.0" encoding="UTF-8"?>
<testsuite name="PangramCheckerTest" tests="9" skipped="0" failures="0" errors="0" timestamp="2017-10-31T02:55:45" hostname="eth1th2-em" time="0.138">
  <properties/>
  <testcase name="pangramWithMixedCaseAndPunctuationIsRecognizedAsPangram" classname="PangramCheckerTest" time="0.023"/>
  <testcase name="pangramWithNumbersIsRecognizedAsPangram" classname="PangramCheckerTest" time="0.03"/>
  <testcase name="phraseMissingCharacterXIsNotPangram" classname="PangramCheckerTest" time="0.014"/>
  <testcase name="pangramWithUnderscoresIsRecognizedAsPangram" classname="PangramCheckerTest" time="0.004"/>
  <testcase name="upperAndLowerCaseVersionsOfTheSameCharacterShouldNotBeCountedSeparately" classname="PangramCheckerTest" time="0.004"/>
  <testcase name="pangramWithOnlyLowerCaseLettersIsRecognizedAsPangram" classname="PangramCheckerTest" time="0.011"/>
  <testcase name="phraseWithMissingLettersReplacedByNumbersIsNotPangram" classname="PangramCheckerTest" time="0.007"/>
  <testcase name="anotherPhraseMissingCharacterXIsNotPangram" classname="PangramCheckerTest" time="0.002"/>
  <testcase name="emptySentenceIsNotPangram" classname="PangramCheckerTest" time="0.004"/>
  <system-out><![CDATA[]]></system-out>
  <system-err><![CDATA[]]></system-err>
</testsuite>
