<?xml version="1.0" encoding="UTF-8"?>
<testsuite name="ScrabbleScoreTest" tests="11" skipped="0" failures="0" errors="0" timestamp="2019-09-14T10:56:38" hostname="ed1th2-e" time="0.089">
  <properties/>
  <testcase name="testAShortValuableWord" classname="ScrabbleScoreTest" time="0.021"/>
  <testcase name="testEntireAlphabetAvailable" classname="ScrabbleScoreTest" time="0.001"/>
  <testcase name="testAUpperCaseLetter" classname="ScrabbleScoreTest" time="0.0"/>
  <testcase name="testALongMixCaseWord" classname="ScrabbleScoreTest" time="0.009"/>
  <testcase name="testAEnglishLikeWord" classname="ScrabbleScoreTest" time="0.001"/>
  <testcase name="testAValuableLetter" classname="ScrabbleScoreTest" time="0.002"/>
  <testcase name="testALowerCaseLetter" classname="ScrabbleScoreTest" time="0.002"/>
  <testcase name="testAMediumWord" classname="ScrabbleScoreTest" time="0.003"/>
  <testcase name="testAnEmptyInput" classname="ScrabbleScoreTest" time="0.005"/>
  <testcase name="testAShortWord" classname="ScrabbleScoreTest" time="0.002"/>
  <testcase name="testAMediumValuableWord" classname="ScrabbleScoreTest" time="0.002"/>
  <system-out><![CDATA[]]></system-out>
  <system-err><![CDATA[]]></system-err>
</testsuite>
